<?xml version="1.0" encoding="UTF-8"?>
<!-- Generated by org.testng.reporters.JUnitXMLReporter -->
<testsuite ignored="1" hostname="DESKTOP-L3U3DAD" failures="1" tests="15" name="Default test" time="71.54" errors="0" timestamp="2025-06-22T14:40:54 GMT+03:00">
  <testcase classname="SmartBuyProject.SmartBuyProject.AppTest" name="verifyHomepageLoadsSuccessfully" time="0.34"/>
  <testcase classname="SmartBuyProject.SmartBuyProject.AppTest" name="verifyCategoryNavigation" time="6.845"/>
  <testcase classname="SmartBuyProject.SmartBuyProject.AppTest" name="verifyCategoryNavigation" time="6.116"/>
  <testcase classname="SmartBuyProject.SmartBuyProject.AppTest" name="verifyCategoryNavigation" time="7.254"/>
  <testcase classname="SmartBuyProject.SmartBuyProject.AppTest" name="verifyCategoryNavigation" time="7.634"/>
  <testcase classname="SmartBuyProject.SmartBuyProject.AppTest" name="verifyCategoryNavigation" time="6.138"/>
  <testcase classname="SmartBuyProject.SmartBuyProject.AppTest" name="verifySearchResultsAccuracy" time="2.97">
    <failure type="java.lang.AssertionError" message="Search result title does not contain &amp;apos;iPhone 15&amp;apos;: Apple iPhone 13,128GB, Starlight expected [true] but found [false]">
      <![CDATA[java.lang.AssertionError: Search result title does not contain 'iPhone 15': Apple iPhone 13,128GB, Starlight expected [true] but found [false]
at org.testng.Assert.fail(Assert.java:111)
at org.testng.Assert.failNotEquals(Assert.java:1590)
at org.testng.Assert.assertEqualsImpl(Assert.java:150)
at org.testng.Assert.assertEquals(Assert.java:132)
at org.testng.Assert.assertEquals(Assert.java:1079)
at org.testng.Assert.assertEquals(Assert.java:1043)
at SmartBuyProject.SmartBuyProject.AppTest.verifySearchResultsAccuracy(AppTest.java:99)
at java.base/jdk.internal.reflect.DirectMethodHandleAccessor.invoke(DirectMethodHandleAccessor.java:103)
at java.base/java.lang.reflect.Method.invoke(Method.java:580)
at org.testng.internal.invokers.MethodInvocationHelper.invokeMethod(MethodInvocationHelper.java:141)
at org.testng.internal.invokers.TestInvoker.invokeMethod(TestInvoker.java:687)
at org.testng.internal.invokers.TestInvoker.invokeTestMethod(TestInvoker.java:230)
at org.testng.internal.invokers.MethodRunner.runInSequence(MethodRunner.java:63)
at org.testng.internal.invokers.TestInvoker$MethodInvocationAgent.invoke(TestInvoker.java:995)
at org.testng.internal.invokers.TestInvoker.invokeTestMethods(TestInvoker.java:203)
at org.testng.internal.invokers.TestMethodWorker.invokeTestMethods(TestMethodWorker.java:154)
at org.testng.internal.invokers.TestMethodWorker.run(TestMethodWorker.java:134)
at java.base/java.util.ArrayList.forEach(ArrayList.java:1597)
at org.testng.TestRunner.privateRun(TestRunner.java:741)
at org.testng.TestRunner.run(TestRunner.java:616)
at org.testng.SuiteRunner.runTest(SuiteRunner.java:421)
at org.testng.SuiteRunner.runSequentially(SuiteRunner.java:413)
at org.testng.SuiteRunner.privateRun(SuiteRunner.java:373)
at org.testng.SuiteRunner.run(SuiteRunner.java:312)
at org.testng.SuiteRunnerWorker.runSuite(SuiteRunnerWorker.java:52)
at org.testng.SuiteRunnerWorker.run(SuiteRunnerWorker.java:95)
at org.testng.TestNG.runSuitesSequentially(TestNG.java:1274)
at org.testng.TestNG.runSuitesLocally(TestNG.java:1208)
at org.testng.TestNG.runSuites(TestNG.java:1112)
at org.testng.TestNG.run(TestNG.java:1079)
at org.testng.remote.AbstractRemoteTestNG.run(AbstractRemoteTestNG.java:115)
at org.testng.remote.RemoteTestNG.initAndRun(RemoteTestNG.java:293)
at org.testng.remote.RemoteTestNG.main(RemoteTestNG.java:91)
]]>
    </failure>
  </testcase> <!-- verifySearchResultsAccuracy -->
  <testcase classname="SmartBuyProject.SmartBuyProject.AppTest" name="productDetailPageAccuracy" time="2.611"/>
  <testcase classname="SmartBuyProject.SmartBuyProject.AppTest" name="addProductToTheCart" time="4.25"/>
  <testcase classname="SmartBuyProject.SmartBuyProject.AppTest" name="shoppingCartReview" time="3.746"/>
  <testcase classname="SmartBuyProject.SmartBuyProject.AppTest" name="promotionsPageAccessibility" time="2.221"/>
  <testcase classname="SmartBuyProject.SmartBuyProject.AppTest" name="contactInformationAvailability" time="0.235"/>
  <testcase classname="SmartBuyProject.SmartBuyProject.AppTest" name="UserLoginFunctionality" time="7.909"/>
  <testcase classname="SmartBuyProject.SmartBuyProject.AppTest" name="InvalidUserLoginFunctionality" time="4.893"/>
  <testcase classname="SmartBuyProject.SmartBuyProject.AppTest" name="SocialMediaLinks" time="2.497"/>
  <testcase classname="SmartBuyProject.SmartBuyProject.AppTest" name="UserRegistrationProcess" time="0.0">
    <ignored/>
  </testcase> <!-- UserRegistrationProcess -->
</testsuite> <!-- Default test -->
