<?xml version="1.0" encoding="UTF-8"?>
<!-- Generated by org.testng.reporters.JUnitReportReporter -->
<testsuite hostname="DESKTOP-L3U3DAD" failures="1" tests="16" name="SmartBuyProject.SmartBuyProject.AppTest" time="74.007" errors="0" timestamp="2025-06-19T23:55:09 GMT+03:00" skipped="1">
  <testcase classname="SmartBuyProject.SmartBuyProject.AppTest" name="verifyHomepageLoadsSuccessfully" time="0.215"/>
  <testcase classname="SmartBuyProject.SmartBuyProject.AppTest" name="verifyCategoryNavigation" time="6.883"/>
  <testcase classname="SmartBuyProject.SmartBuyProject.AppTest" name="verifyCategoryNavigation" time="6.510"/>
  <testcase classname="SmartBuyProject.SmartBuyProject.AppTest" name="verifyCategoryNavigation" time="6.825"/>
  <testcase classname="SmartBuyProject.SmartBuyProject.AppTest" name="verifyCategoryNavigation" time="6.292"/>
  <testcase classname="SmartBuyProject.SmartBuyProject.AppTest" name="verifyCategoryNavigation" time="6.238"/>
  <testcase classname="SmartBuyProject.SmartBuyProject.AppTest" name="verifySearchResultsAccuracy" time="5.088">
    <failure message="Search result title does not contain &#039;iPhone 15&#039;: [[[[[ChromeDriver: chrome on windows (10647fa113036751b2feb013bf52d293)] -&gt; class name: product-list]] -&gt; class name: product-item__title], [[[[ChromeDriver: chrome on windows (10647fa113036751b2feb013bf52d293)] -&gt; class name: product-list]] -&gt; class name: product-item__title], [[[[ChromeDriver: chrome on windows (10647fa113036751b2feb013bf52d293)] -&gt; class name: product-list]] -&gt; class name: product-item__title], [[[[ChromeDriver: chrome on windows (10647fa113036751b2feb013bf52d293)] -&gt; class name: product-list]] -&gt; class name: product-item__title], [[[[ChromeDriver: chrome on windows (10647fa113036751b2feb013bf52d293)] -&gt; class name: product-list]] -&gt; class name: product-item__title], [[[[ChromeDriver: chrome on windows (10647fa113036751b2feb013bf52d293)] -&gt; class name: product-list]] -&gt; class name: product-item__title], [[[[ChromeDriver: chrome on windows (10647fa113036751b2feb013bf52d293)] -&gt; class name: product-list]] -&gt; class name: product-item__title], [[[[ChromeDriver: chrome on windows (10647fa113036751b2feb013bf52d293)] -&gt; class name: product-list]] -&gt; class name: product-item__title], [[[[ChromeDriver: chrome on windows (10647fa113036751b2feb013bf52d293)] -&gt; class name: product-list]] -&gt; class name: product-item__title], [[[[ChromeDriver: chrome on windows (10647fa113036751b2feb013bf52d293)] -&gt; class name: product-list]] -&gt; class name: product-item__title], [[[[ChromeDriver: chrome on windows (10647fa113036751b2feb013bf52d293)] -&gt; class name: product-list]] -&gt; class name: product-item__title], [[[[ChromeDriver: chrome on windows (10647fa113036751b2feb013bf52d293)] -&gt; class name: product-list]] -&gt; class name: product-item__title], [[[[ChromeDriver: chrome on windows (10647fa113036751b2feb013bf52d293)] -&gt; class name: product-list]] -&gt; class name: product-item__title], [[[[ChromeDriver: chrome on windows (10647fa113036751b2feb013bf52d293)] -&gt; class name: product-list]] -&gt; class name: product-item__title], [[[[ChromeDriver: chrome on windows (10647fa113036751b2feb013bf52d293)] -&gt; class name: product-list]] -&gt; class name: product-item__title], [[[[ChromeDriver: chrome on windows (10647fa113036751b2feb013bf52d293)] -&gt; class name: product-list]] -&gt; class name: product-item__title], [[[[ChromeDriver: chrome on windows (10647fa113036751b2feb013bf52d293)] -&gt; class name: product-list]] -&gt; class name: product-item__title], [[[[ChromeDriver: chrome on windows (10647fa113036751b2feb013bf52d293)] -&gt; class name: product-list]] -&gt; class name: product-item__title], [[[[ChromeDriver: chrome on windows (10647fa113036751b2feb013bf52d293)] -&gt; class name: product-list]] -&gt; class name: product-item__title], [[[[ChromeDriver: chrome on windows (10647fa113036751b2feb013bf52d293)] -&gt; class name: product-list]] -&gt; class name: product-item__title], [[[[ChromeDriver: chrome on windows (10647fa113036751b2feb013bf52d293)] -&gt; class name: product-list]] -&gt; class name: product-item__title], [[[[ChromeDriver: chrome on windows (10647fa113036751b2feb013bf52d293)] -&gt; class name: product-list]] -&gt; class name: product-item__title], [[[[ChromeDriver: chrome on windows (10647fa113036751b2feb013bf52d293)] -&gt; class name: product-list]] -&gt; class name: product-item__title], [[[[ChromeDriver: chrome on windows (10647fa113036751b2feb013bf52d293)] -&gt; class name: product-list]] -&gt; class name: product-item__title]] expected [true] but found [false]" type="java.lang.AssertionError">
      <![CDATA[java.lang.AssertionError: Search result title does not contain 'iPhone 15': [[[[[ChromeDriver: chrome on windows (10647fa113036751b2feb013bf52d293)] -> class name: product-list]] -> class name: product-item__title], [[[[ChromeDriver: chrome on windows (10647fa113036751b2feb013bf52d293)] -> class name: product-list]] -> class name: product-item__title], [[[[ChromeDriver: chrome on windows (10647fa113036751b2feb013bf52d293)] -> class name: product-list]] -> class name: product-item__title], [[[[ChromeDriver: chrome on windows (10647fa113036751b2feb013bf52d293)] -> class name: product-list]] -> class name: product-item__title], [[[[ChromeDriver: chrome on windows (10647fa113036751b2feb013bf52d293)] -> class name: product-list]] -> class name: product-item__title], [[[[ChromeDriver: chrome on windows (10647fa113036751b2feb013bf52d293)] -> class name: product-list]] -> class name: product-item__title], [[[[ChromeDriver: chrome on windows (10647fa113036751b2feb013bf52d293)] -> class name: product-list]] -> class name: product-item__title], [[[[ChromeDriver: chrome on windows (10647fa113036751b2feb013bf52d293)] -> class name: product-list]] -> class name: product-item__title], [[[[ChromeDriver: chrome on windows (10647fa113036751b2feb013bf52d293)] -> class name: product-list]] -> class name: product-item__title], [[[[ChromeDriver: chrome on windows (10647fa113036751b2feb013bf52d293)] -> class name: product-list]] -> class name: product-item__title], [[[[ChromeDriver: chrome on windows (10647fa113036751b2feb013bf52d293)] -> class name: product-list]] -> class name: product-item__title], [[[[ChromeDriver: chrome on windows (10647fa113036751b2feb013bf52d293)] -> class name: product-list]] -> class name: product-item__title], [[[[ChromeDriver: chrome on windows (10647fa113036751b2feb013bf52d293)] -> class name: product-list]] -> class name: product-item__title], [[[[ChromeDriver: chrome on windows (10647fa113036751b2feb013bf52d293)] -> class name: product-list]] -> class name: product-item__title], [[[[ChromeDriver: chrome on windows (10647fa113036751b2feb013bf52d293)] -> class name: product-list]] -> class name: product-item__title], [[[[ChromeDriver: chrome on windows (10647fa113036751b2feb013bf52d293)] -> class name: product-list]] -> class name: product-item__title], [[[[ChromeDriver: chrome on windows (10647fa113036751b2feb013bf52d293)] -> class name: product-list]] -> class name: product-item__title], [[[[ChromeDriver: chrome on windows (10647fa113036751b2feb013bf52d293)] -> class name: product-list]] -> class name: product-item__title], [[[[ChromeDriver: chrome on windows (10647fa113036751b2feb013bf52d293)] -> class name: product-list]] -> class name: product-item__title], [[[[ChromeDriver: chrome on windows (10647fa113036751b2feb013bf52d293)] -> class name: product-list]] -> class name: product-item__title], [[[[ChromeDriver: chrome on windows (10647fa113036751b2feb013bf52d293)] -> class name: product-list]] -> class name: product-item__title], [[[[ChromeDriver: chrome on windows (10647fa113036751b2feb013bf52d293)] -> class name: product-list]] -> class name: product-item__title], [[[[ChromeDriver: chrome on windows (10647fa113036751b2feb013bf52d293)] -> class name: product-list]] -> class name: product-item__title], [[[[ChromeDriver: chrome on windows (10647fa113036751b2feb013bf52d293)] -> class name: product-list]] -> class name: product-item__title]] expected [true] but found [false]
at org.testng.Assert.fail(Assert.java:111)
at org.testng.Assert.failNotEquals(Assert.java:1590)
at org.testng.Assert.assertEqualsImpl(Assert.java:150)
at org.testng.Assert.assertEquals(Assert.java:132)
at org.testng.Assert.assertEquals(Assert.java:1079)
at org.testng.Assert.assertEquals(Assert.java:1043)
at SmartBuyProject.SmartBuyProject.AppTest.verifySearchResultsAccuracy(AppTest.java:99)
at java.base/jdk.internal.reflect.DirectMethodHandleAccessor.invoke(DirectMethodHandleAccessor.java:103)
at java.base/java.lang.reflect.Method.invoke(Method.java:580)
at org.testng.internal.invokers.MethodInvocationHelper.invokeMethod(MethodInvocationHelper.java:141)
at org.testng.internal.invokers.TestInvoker.invokeMethod(TestInvoker.java:687)
at org.testng.internal.invokers.TestInvoker.invokeTestMethod(TestInvoker.java:230)
at org.testng.internal.invokers.MethodRunner.runInSequence(MethodRunner.java:63)
at org.testng.internal.invokers.TestInvoker$MethodInvocationAgent.invoke(TestInvoker.java:995)
at org.testng.internal.invokers.TestInvoker.invokeTestMethods(TestInvoker.java:203)
at org.testng.internal.invokers.TestMethodWorker.invokeTestMethods(TestMethodWorker.java:154)
at org.testng.internal.invokers.TestMethodWorker.run(TestMethodWorker.java:134)
at java.base/java.util.ArrayList.forEach(ArrayList.java:1597)
at org.testng.TestRunner.privateRun(TestRunner.java:741)
at org.testng.TestRunner.run(TestRunner.java:616)
at org.testng.SuiteRunner.runTest(SuiteRunner.java:421)
at org.testng.SuiteRunner.runSequentially(SuiteRunner.java:413)
at org.testng.SuiteRunner.privateRun(SuiteRunner.java:373)
at org.testng.SuiteRunner.run(SuiteRunner.java:312)
at org.testng.SuiteRunnerWorker.runSuite(SuiteRunnerWorker.java:52)
at org.testng.SuiteRunnerWorker.run(SuiteRunnerWorker.java:95)
at org.testng.TestNG.runSuitesSequentially(TestNG.java:1274)
at org.testng.TestNG.runSuitesLocally(TestNG.java:1208)
at org.testng.TestNG.runSuites(TestNG.java:1112)
at org.testng.TestNG.run(TestNG.java:1079)
at org.testng.remote.AbstractRemoteTestNG.run(AbstractRemoteTestNG.java:115)
at org.testng.remote.RemoteTestNG.initAndRun(RemoteTestNG.java:293)
at org.testng.remote.RemoteTestNG.main(RemoteTestNG.java:91)
]]>
    </failure>
  </testcase> <!-- verifySearchResultsAccuracy -->
  <testcase classname="SmartBuyProject.SmartBuyProject.AppTest" name="productDetailPageAccuracy" time="2.588"/>
  <testcase classname="SmartBuyProject.SmartBuyProject.AppTest" name="addProductToTheCart" time="6.367"/>
  <testcase classname="SmartBuyProject.SmartBuyProject.AppTest" name="shoppingCartReview" time="4.309"/>
  <testcase classname="SmartBuyProject.SmartBuyProject.AppTest" name="promotionsPageAccessibility" time="2.637"/>
  <testcase classname="SmartBuyProject.SmartBuyProject.AppTest" name="contactInformationAvailability" time="0.130"/>
  <testcase classname="SmartBuyProject.SmartBuyProject.AppTest" name="UserLoginFunctionality" time="9.460"/>
  <testcase classname="SmartBuyProject.SmartBuyProject.AppTest" name="InvalidUserLoginFunctionality" time="4.967"/>
  <testcase classname="SmartBuyProject.SmartBuyProject.AppTest" name="SocialMediaLinks" time="5.498"/>
  <testcase classname="SmartBuyProject.SmartBuyProject.AppTest" name="UserRegistrationProcess">
    <skipped/>
  </testcase> <!-- UserRegistrationProcess -->
</testsuite> <!-- SmartBuyProject.SmartBuyProject.AppTest -->
